TN:
SF:test-api-config.js
FN:1,(empty-report)
FNF:1
FNH:0
FNDA:0,(empty-report)
DA:1,0
DA:2,0
DA:3,0
DA:4,0
DA:5,0
DA:6,0
DA:7,0
DA:8,0
DA:9,0
DA:10,0
DA:11,0
DA:12,0
DA:13,0
DA:14,0
DA:15,0
DA:16,0
DA:17,0
DA:18,0
DA:19,0
DA:20,0
DA:21,0
DA:22,0
DA:23,0
DA:24,0
DA:25,0
DA:26,0
DA:27,0
DA:28,0
DA:29,0
DA:30,0
DA:31,0
DA:32,0
DA:33,0
DA:34,0
DA:35,0
DA:36,0
DA:37,0
DA:38,0
DA:39,0
DA:40,0
DA:41,0
DA:42,0
DA:43,0
DA:44,0
DA:45,0
DA:46,0
DA:47,0
DA:48,0
DA:49,0
DA:50,0
DA:51,0
DA:52,0
DA:53,0
DA:54,0
DA:55,0
DA:56,0
DA:57,0
LF:57
LH:0
BRDA:1,0,0,0
BRF:1
BRH:0
end_of_record
TN:
SF:src/App.tsx
FN:13,ProtectedRoute
FN:27,App
FNF:2
FNH:2
FNDA:8,ProtectedRoute
FNDA:12,App
DA:1,1
DA:2,1
DA:3,1
DA:4,1
DA:5,1
DA:6,1
DA:7,1
DA:8,1
DA:9,1
DA:10,1
DA:11,1
DA:13,8
DA:14,8
DA:16,8
DA:17,3
DA:18,3
DA:20,8
DA:21,2
DA:22,2
DA:24,3
DA:25,3
DA:27,12
DA:28,12
DA:29,12
DA:30,12
DA:31,12
DA:32,12
DA:33,12
DA:34,12
DA:35,12
DA:36,12
DA:37,12
DA:38,12
DA:39,12
DA:40,12
DA:41,12
DA:42,12
DA:44,12
DA:45,12
DA:46,12
DA:47,12
DA:48,12
DA:49,12
DA:50,12
DA:51,12
DA:52,12
DA:53,12
DA:54,12
DA:56,12
DA:57,12
DA:58,12
DA:60,12
DA:62,1
LF:53
LH:53
BRDA:13,0,0,8
BRDA:16,1,0,3
BRDA:18,2,0,5
BRDA:20,3,0,3
BRDA:20,4,0,2
BRDA:22,5,0,3
BRDA:27,6,0,12
BRF:7
BRH:7
end_of_record
TN:
SF:src/AuthContext.tsx
FN:19,AuthProvider
FN:67,fetchCurrentUser
FN:83,login
FN:95,register
FN:108,logout
FN:132,useAuth
FNF:6
FNH:6
FNDA:96,AuthProvider
FNDA:5,fetchCurrentUser
FNDA:3,login
FNDA:2,register
FNDA:1,logout
FNDA:30,useAuth
DA:1,1
DA:17,1
DA:19,1
DA:20,96
DA:21,96
DA:22,96
DA:24,96
DA:26,43
DA:27,43
DA:28,5
DA:30,5
DA:31,43
DA:32,38
DA:33,38
DA:34,96
DA:36,96
DA:38,52
DA:39,52
DA:40,0
DA:41,0
DA:42,0
DA:43,0
DA:44,0
DA:45,52
DA:46,52
DA:49,52
DA:50,52
DA:51,52
DA:52,0
DA:54,0
DA:55,0
DA:56,0
DA:57,0
DA:58,52
DA:61,52
DA:62,52
DA:63,52
DA:64,52
DA:65,96
DA:67,96
DA:68,5
DA:69,5
DA:70,5
DA:71,5
DA:72,4
DA:73,5
DA:75,1
DA:76,1
DA:77,1
DA:78,5
DA:79,5
DA:80,5
DA:81,5
DA:83,96
DA:84,3
DA:85,3
DA:86,3
DA:87,3
DA:89,2
DA:90,2
DA:91,2
DA:92,2
DA:93,3
DA:95,96
DA:96,2
DA:97,2
DA:98,2
DA:99,2
DA:100,2
DA:102,1
DA:103,1
DA:104,1
DA:105,1
DA:106,2
DA:108,96
DA:109,1
DA:110,1
DA:111,1
DA:112,1
DA:114,96
DA:115,96
DA:116,96
DA:117,96
DA:118,96
DA:119,96
DA:120,96
DA:121,96
DA:122,96
DA:123,96
DA:124,96
DA:125,96
DA:127,96
DA:128,96
DA:130,96
DA:132,1
DA:133,30
DA:134,30
DA:135,0
DA:136,0
DA:137,30
DA:138,30
LF:101
LH:89
BRDA:19,0,0,96
BRDA:123,1,0,7
BRDA:123,2,0,93
BRDA:24,3,0,43
BRDA:27,4,0,5
BRDA:31,5,0,38
BRDA:36,6,0,52
BRDA:61,7,0,52
BRDA:67,8,0,5
BRDA:71,9,0,4
BRDA:73,10,0,1
BRDA:83,11,0,3
BRDA:87,12,0,2
BRDA:95,13,0,2
BRDA:100,14,0,1
BRDA:108,15,0,1
BRDA:132,16,0,30
BRDA:134,17,0,0
BRF:18
BRH:17
end_of_record
TN:
SF:src/api.ts
FN:19,getEvents
FN:24,getEvent
FN:29,createEvent
FN:34,updateEvent
FN:39,deleteEvent
FN:44,joinEvent
FN:48,leaveEvent
FN:52,getEventParticipants
FN:57,getPublicEvent
FN:63,searchPlaces
FN:71,verifyEmail
FN:77,resendVerificationEmail
FN:82,forgotPassword
FN:86,resetPassword
FNF:14
FNH:8
FNDA:2,getEvents
FNDA:1,getEvent
FNDA:1,createEvent
FNDA:1,updateEvent
FNDA:1,deleteEvent
FNDA:1,joinEvent
FNDA:1,leaveEvent
FNDA:1,getEventParticipants
FNDA:0,getPublicEvent
FNDA:0,searchPlaces
FNDA:0,verifyEmail
FNDA:0,resendVerificationEmail
FNDA:0,forgotPassword
FNDA:0,resetPassword
DA:1,1
DA:6,1
DA:7,1
DA:8,1
DA:18,1
DA:19,1
DA:20,2
DA:21,2
DA:22,2
DA:24,1
DA:25,1
DA:26,1
DA:27,1
DA:29,1
DA:30,1
DA:31,1
DA:32,1
DA:34,1
DA:35,1
DA:36,1
DA:37,1
DA:39,1
DA:40,1
DA:41,1
DA:44,1
DA:45,1
DA:46,1
DA:48,1
DA:49,1
DA:50,1
DA:52,1
DA:53,1
DA:54,1
DA:55,1
DA:57,1
DA:58,0
DA:59,0
DA:60,0
DA:63,1
DA:64,0
DA:65,0
DA:66,0
DA:67,0
DA:68,0
DA:71,1
DA:72,0
DA:73,0
DA:74,0
DA:75,0
DA:77,1
DA:78,0
DA:79,0
DA:82,1
DA:83,0
DA:84,0
DA:86,1
DA:87,0
DA:88,0
DA:89,0
DA:90,0
DA:91,0
DA:92,1
LF:62
LH:41
BRDA:19,0,0,2
BRDA:24,1,0,1
BRDA:29,2,0,1
BRDA:34,3,0,1
BRDA:39,4,0,1
BRDA:44,5,0,1
BRDA:48,6,0,1
BRDA:52,7,0,1
BRF:8
BRH:8
end_of_record
TN:
SF:src/config.ts
FNF:0
FNH:0
DA:4,1
DA:6,0
DA:8,1
DA:9,1
LF:4
LH:3
BRDA:4,0,0,0
BRDA:9,1,0,0
BRF:2
BRH:0
end_of_record
TN:
SF:src/languages.ts
FN:59,getLanguageDisplay
FN:66,getLanguagesDisplay
FN:75,getLanguageOption
FNF:3
FNH:2
FNDA:200,getLanguageDisplay
FNDA:92,getLanguagesDisplay
FNDA:0,getLanguageOption
DA:11,1
DA:13,1
DA:14,1
DA:15,1
DA:16,1
DA:17,1
DA:18,1
DA:19,1
DA:20,1
DA:21,1
DA:22,1
DA:23,1
DA:24,1
DA:25,1
DA:26,1
DA:27,1
DA:28,1
DA:29,1
DA:30,1
DA:31,1
DA:32,1
DA:33,1
DA:34,1
DA:35,1
DA:36,1
DA:39,1
DA:42,1
DA:43,1
DA:44,1
DA:45,1
DA:46,1
DA:47,1
DA:50,1
DA:51,1
DA:52,150
DA:53,150
DA:54,150
DA:55,1
DA:56,1
DA:59,1
DA:60,200
DA:61,200
DA:62,200
DA:63,200
DA:66,1
DA:67,92
DA:68,92
DA:69,92
DA:70,92
DA:71,92
DA:72,92
DA:75,1
DA:76,0
DA:77,0
DA:78,0
DA:79,0
LF:56
LH:52
BRDA:51,0,0,150
BRDA:59,1,0,200
BRDA:61,2,0,0
BRDA:66,3,0,92
BRDA:69,4,0,184
BRDA:70,5,0,184
BRF:6
BRH:5
end_of_record
TN:
SF:src/main.tsx
FN:1,(empty-report)
FNF:1
FNH:0
FNDA:0,(empty-report)
DA:1,0
DA:2,0
DA:3,0
DA:4,0
DA:5,0
DA:7,0
DA:8,0
DA:9,0
DA:10,0
DA:11,0
DA:12,0
DA:13,0
LF:12
LH:0
BRDA:1,0,0,0
BRF:1
BRH:0
end_of_record
TN:
SF:src/types.ts
FNF:0
FNH:0
DA:53,1
DA:54,1
DA:55,1
DA:56,1
DA:57,1
DA:58,1
DA:59,1
DA:60,1
DA:61,1
DA:62,1
LF:10
LH:10
BRF:0
BRH:0
end_of_record
TN:
SF:src/components/AdminPanel.tsx
FN:10,AdminPanel
FN:22,loadData
FN:39,handleBlockUser
FN:49,handleUnblockUser
FN:59,handleVerifyUserEmail
FN:69,handleDeleteEvent
FN:84,onClick
FN:86,onClick
FN:102,onClick
FN:108,onClick
FN:157,onClick
FN:167,onClick
FN:174,onClick
FN:219,onClick
FNF:14
FNH:11
FNDA:88,AdminPanel
FNDA:39,loadData
FNDA:2,handleBlockUser
FNDA:1,handleUnblockUser
FNDA:0,handleVerifyUserEmail
FNDA:4,handleDeleteEvent
FNDA:1,onClick
FNDA:1,onClick
FNDA:0,onClick
FNDA:9,onClick
FNDA:0,onClick
FNDA:1,onClick
FNDA:2,onClick
FNDA:4,onClick
DA:1,1
DA:2,1
DA:3,1
DA:4,1
DA:5,1
DA:6,1
DA:7,1
DA:8,1
DA:10,88
DA:11,88
DA:12,88
DA:13,88
DA:14,88
DA:15,88
DA:16,88
DA:18,88
DA:19,36
DA:20,88
DA:22,88
DA:23,39
DA:24,39
DA:25,39
DA:26,29
DA:27,28
DA:28,39
DA:29,10
DA:30,10
DA:31,10
DA:32,39
DA:33,1
DA:34,39
DA:35,39
DA:36,39
DA:37,39
DA:39,88
DA:40,2
DA:41,2
DA:42,1
DA:43,1
DA:44,1
DA:45,1
DA:46,1
DA:47,2
DA:49,88
DA:50,1
DA:51,1
DA:52,1
DA:53,1
DA:54,1
DA:55,0
DA:56,0
DA:57,1
DA:59,88
DA:60,0
DA:61,0
DA:62,0
DA:63,0
DA:64,0
DA:65,0
DA:66,0
DA:67,0
DA:69,88
DA:70,4
DA:72,2
DA:73,2
DA:74,1
DA:75,1
DA:76,1
DA:77,1
DA:78,1
DA:79,4
DA:81,88
DA:82,88
DA:83,88
DA:84,88
DA:85,88
DA:86,88
DA:88,88
DA:89,88
DA:90,88
DA:92,88
DA:93,88
DA:94,88
DA:96,88
DA:97,88
DA:99,88
DA:100,88
DA:101,88
DA:102,88
DA:103,88
DA:105,88
DA:106,88
DA:107,88
DA:108,88
DA:109,88
DA:111,88
DA:112,88
DA:114,88
DA:115,47
DA:117,41
DA:118,41
DA:119,30
DA:120,30
DA:121,30
DA:122,30
DA:123,30
DA:124,30
DA:125,30
DA:126,30
DA:127,30
DA:128,30
DA:129,30
DA:130,30
DA:131,30
DA:132,30
DA:133,30
DA:134,30
DA:135,30
DA:136,31
DA:137,31
DA:138,31
DA:139,31
DA:140,31
DA:141,31
DA:142,31
DA:143,31
DA:144,31
DA:145,31
DA:146,31
DA:147,31
DA:148,31
DA:149,31
DA:150,31
DA:151,31
DA:152,31
DA:153,31
DA:154,31
DA:155,31
DA:156,31
DA:157,31
DA:158,31
DA:159,31
DA:161,31
DA:163,31
DA:164,29
DA:165,6
DA:166,6
DA:167,6
DA:168,6
DA:170,6
DA:172,23
DA:173,23
DA:174,23
DA:175,23
DA:177,23
DA:180,31
DA:181,31
DA:182,31
DA:183,30
DA:184,30
DA:185,30
DA:186,30
DA:188,11
DA:189,11
DA:190,11
DA:191,11
DA:192,11
DA:193,11
DA:194,11
DA:195,11
DA:196,11
DA:197,11
DA:198,11
DA:199,11
DA:200,11
DA:201,11
DA:202,11
DA:203,11
DA:204,13
DA:205,13
DA:206,13
DA:207,13
DA:208,13
DA:209,13
DA:210,13
DA:211,13
DA:212,13
DA:213,13
DA:214,13
DA:215,13
DA:216,13
DA:217,13
DA:218,13
DA:219,13
DA:220,13
DA:222,13
DA:223,13
DA:224,13
DA:225,9
DA:226,2
DA:227,2
DA:229,2
DA:230,2
DA:232,11
DA:233,11
DA:234,11
DA:236,41
DA:238,88
DA:240,88
DA:241,88
DA:243,88
DA:245,1
LF:212
LH:202
BRDA:10,0,0,88
BRDA:101,1,0,59
BRDA:101,2,0,29
BRDA:107,3,0,29
BRDA:107,4,0,59
BRDA:114,5,0,47
BRDA:115,6,0,41
BRDA:118,7,0,30
BRDA:120,8,0,2
BRDA:186,9,0,11
BRDA:189,10,0,2
BRDA:203,11,0,9
BRDA:225,12,0,2
BRDA:18,13,0,36
BRDA:22,14,0,39
BRDA:25,15,0,29
BRDA:26,16,0,28
BRDA:28,17,0,10
BRDA:32,18,0,1
BRDA:39,19,0,2
BRDA:41,20,0,1
BRDA:49,21,0,1
BRDA:54,22,0,0
BRDA:69,23,0,4
BRDA:70,24,0,2
BRDA:73,25,0,1
BRDA:84,26,0,1
BRDA:86,27,0,1
BRDA:108,28,0,9
BRDA:135,29,0,31
BRDA:136,30,0,6
BRDA:136,31,0,25
BRDA:141,32,0,0
BRDA:142,33,0,0
BRDA:145,34,0,2
BRDA:145,35,0,29
BRDA:147,36,0,6
BRDA:147,37,0,25
BRDA:148,38,0,6
BRDA:148,39,0,25
BRDA:163,40,0,29
BRDA:164,41,0,6
BRDA:170,42,0,23
BRDA:167,43,0,1
BRDA:174,44,0,2
BRDA:203,45,0,13
BRDA:219,46,0,4
BRF:47
BRH:44
end_of_record
TN:
SF:src/components/AuthModal.tsx
FN:11,AuthModal
FN:21,handleForgotPassword
FN:26,handleSubmit
FN:52,onClick
FN:68,onChange
FN:81,onChange
FN:93,onChange
FN:117,onClick
FN:124,onClick
FNF:9
FNH:7
FNDA:37,AuthModal
FNDA:0,handleForgotPassword
FNDA:4,handleSubmit
FNDA:6,onClick
FNDA:2,onChange
FNDA:5,onChange
FNDA:5,onChange
FNDA:1,onClick
FNDA:0,onClick
DA:1,1
DA:2,1
DA:3,1
DA:4,1
DA:11,37
DA:12,37
DA:13,37
DA:14,37
DA:15,37
DA:16,37
DA:17,37
DA:18,37
DA:19,37
DA:21,37
DA:22,0
DA:23,0
DA:24,0
DA:26,37
DA:27,4
DA:28,4
DA:29,4
DA:31,4
DA:32,4
DA:33,3
DA:34,4
DA:35,1
DA:36,0
DA:37,0
DA:38,0
DA:39,0
DA:40,1
DA:41,1
DA:42,3
DA:43,4
DA:44,1
DA:45,4
DA:46,4
DA:47,4
DA:48,4
DA:50,37
DA:51,37
DA:52,37
DA:53,37
DA:54,37
DA:55,37
DA:56,37
DA:58,37
DA:59,37
DA:61,37
DA:62,12
DA:63,12
DA:64,12
DA:65,12
DA:66,12
DA:67,12
DA:68,12
DA:69,12
DA:70,12
DA:71,12
DA:72,12
DA:75,37
DA:76,37
DA:77,37
DA:78,37
DA:79,37
DA:80,37
DA:81,37
DA:82,37
DA:83,37
DA:84,37
DA:85,37
DA:87,37
DA:88,37
DA:89,37
DA:90,37
DA:91,37
DA:92,37
DA:93,37
DA:94,37
DA:95,37
DA:96,37
DA:97,37
DA:98,37
DA:99,25
DA:100,25
DA:101,25
DA:102,25
DA:103,25
DA:105,25
DA:107,37
DA:109,37
DA:110,37
DA:111,37
DA:113,37
DA:114,37
DA:115,25
DA:116,25
DA:117,25
DA:119,25
DA:120,25
DA:122,12
DA:123,12
DA:124,12
DA:126,12
DA:127,12
DA:129,37
DA:130,37
DA:131,37
DA:132,37
DA:134,37
DA:136,1
LF:111
LH:104
BRDA:11,0,0,37
BRDA:54,1,0,25
BRDA:54,2,0,12
BRDA:59,3,0,1
BRDA:61,4,0,12
BRDA:98,5,0,25
BRDA:110,6,0,4
BRDA:110,7,0,33
BRDA:110,8,0,22
BRDA:110,9,0,11
BRDA:114,10,0,25
BRDA:120,11,0,12
BRDA:26,12,0,4
BRDA:32,13,0,3
BRDA:33,14,0,2
BRDA:34,15,0,1
BRDA:35,16,0,0
BRDA:41,17,0,3
BRDA:43,18,0,1
BRDA:44,19,0,0
BRDA:52,20,0,6
BRDA:68,21,0,2
BRDA:81,22,0,5
BRDA:93,23,0,5
BRDA:117,24,0,1
BRF:25
BRH:23
end_of_record
TN:
SF:src/components/EmailVerificationBanner.tsx
FN:1,(empty-report)
FNF:1
FNH:0
FNDA:0,(empty-report)
DA:1,0
DA:2,0
DA:3,0
DA:4,0
DA:6,0
DA:7,0
DA:8,0
DA:9,0
DA:10,0
DA:14,0
DA:15,0
DA:16,0
DA:18,0
DA:19,0
DA:20,0
DA:22,0
DA:23,0
DA:24,0
DA:25,0
DA:26,0
DA:27,0
DA:28,0
DA:29,0
DA:30,0
DA:32,0
DA:33,0
DA:34,0
DA:35,0
DA:36,0
DA:37,0
DA:38,0
DA:39,0
DA:41,0
DA:42,0
DA:43,0
DA:44,0
DA:45,0
DA:46,0
DA:47,0
DA:48,0
DA:50,0
DA:51,0
DA:52,0
DA:53,0
DA:54,0
DA:55,0
DA:56,0
DA:58,0
DA:59,0
DA:60,0
DA:61,0
DA:63,0
DA:65,0
LF:53
LH:0
BRDA:1,0,0,0
BRF:1
BRH:0
end_of_record
TN:
SF:src/components/EventComments.tsx
FN:22,EventComments
FN:32,fetchComments
FN:70,handleSubmit
FN:92,startEdit
FN:98,cancelEdit
FN:104,saveEdit
FN:125,deleteComment
FN:143,formatTime
FN:186,onChange
FN:228,onChange
FN:244,onClick
FN:259,onClick
FN:267,onClick
FNF:13
FNH:13
FNDA:126,EventComments
FNDA:25,fetchComments
FNDA:2,handleSubmit
FNDA:3,startEdit
FNDA:1,cancelEdit
FNDA:1,saveEdit
FNDA:2,deleteComment
FNDA:72,formatTime
FNDA:34,onChange
FNDA:16,onChange
FNDA:1,onClick
FNDA:3,onClick
FNDA:2,onClick
DA:1,1
DA:2,1
DA:3,1
DA:22,1
DA:23,126
DA:24,126
DA:25,126
DA:26,126
DA:27,126
DA:28,126
DA:29,126
DA:32,126
DA:33,25
DA:34,25
DA:35,25
DA:36,25
DA:37,25
DA:38,19
DA:39,19
DA:40,25
DA:41,5
DA:42,1
DA:43,4
DA:44,4
DA:45,4
DA:46,25
DA:47,24
DA:48,24
DA:49,25
DA:52,126
DA:53,40
DA:54,21
DA:55,21
DA:56,126
DA:59,126
DA:60,40
DA:62,21
DA:63,0
DA:64,21
DA:66,21
DA:67,126
DA:70,126
DA:71,2
DA:72,2
DA:74,2
DA:75,2
DA:76,2
DA:77,2
DA:78,2
DA:79,2
DA:80,2
DA:81,2
DA:82,2
DA:83,2
DA:84,2
DA:85,0
DA:86,2
DA:87,2
DA:88,2
DA:89,2
DA:92,126
DA:93,3
DA:94,3
DA:95,3
DA:98,126
DA:99,1
DA:100,1
DA:101,1
DA:104,126
DA:105,1
DA:107,1
DA:108,1
DA:109,1
DA:110,1
DA:111,1
DA:112,1
DA:113,1
DA:114,1
DA:115,1
DA:116,1
DA:117,1
DA:118,0
DA:119,1
DA:120,1
DA:121,1
DA:122,1
DA:125,126
DA:126,2
DA:128,1
DA:129,1
DA:130,1
DA:131,1
DA:132,1
DA:133,1
DA:134,1
DA:135,2
DA:136,0
DA:137,2
DA:138,1
DA:139,1
DA:140,2
DA:143,126
DA:144,72
DA:145,72
DA:146,72
DA:147,72
DA:148,72
DA:149,72
DA:151,72
DA:152,72
DA:153,71
DA:154,0
DA:155,0
DA:156,72
DA:158,126
DA:159,19
DA:160,19
DA:161,19
DA:162,19
DA:163,19
DA:165,19
DA:167,109
DA:168,21
DA:169,21
DA:170,21
DA:171,21
DA:172,21
DA:174,21
DA:176,86
DA:177,86
DA:178,86
DA:180,106
DA:183,126
DA:184,126
DA:185,126
DA:186,126
DA:187,126
DA:188,126
DA:189,126
DA:190,126
DA:191,126
DA:192,126
DA:193,126
DA:194,126
DA:195,126
DA:196,126
DA:197,126
DA:198,126
DA:201,126
DA:202,126
DA:203,49
DA:205,37
DA:206,72
DA:207,72
DA:208,72
DA:209,72
DA:210,72
DA:211,72
DA:212,72
DA:213,72
DA:214,72
DA:215,72
DA:216,72
DA:217,72
DA:218,72
DA:219,72
DA:220,72
DA:221,72
DA:223,72
DA:224,72
DA:225,20
DA:226,20
DA:227,20
DA:228,20
DA:229,20
DA:230,20
DA:231,20
DA:232,20
DA:233,20
DA:234,20
DA:235,20
DA:236,20
DA:237,20
DA:238,20
DA:239,20
DA:241,20
DA:242,20
DA:243,20
DA:244,20
DA:245,20
DA:246,20
DA:248,20
DA:249,20
DA:250,20
DA:251,20
DA:253,52
DA:254,52
DA:255,52
DA:256,17
DA:257,17
DA:258,17
DA:259,17
DA:260,17
DA:261,17
DA:262,17
DA:264,17
DA:265,17
DA:266,17
DA:267,17
DA:268,17
DA:269,17
DA:270,17
DA:272,17
DA:273,17
DA:275,52
DA:277,72
DA:278,72
DA:279,37
DA:281,126
DA:282,126
DA:284,126
DA:286,1
LF:222
LH:216
BRDA:22,0,0,126
BRDA:158,1,0,19
BRDA:165,2,0,109
BRDA:165,3,0,107
BRDA:167,4,0,21
BRDA:174,5,0,106
BRDA:174,6,0,86
BRDA:180,7,0,2
BRDA:194,8,0,36
BRDA:195,9,0,11
BRDA:195,10,0,75
BRDA:202,11,0,49
BRDA:203,12,0,37
BRDA:32,13,0,25
BRDA:37,14,0,19
BRDA:40,15,0,5
BRDA:41,16,0,2
BRDA:41,17,0,4
BRDA:41,18,0,1
BRDA:46,19,0,24
BRDA:52,20,0,40
BRDA:53,21,0,21
BRDA:59,22,0,40
BRDA:60,23,0,19
BRDA:60,24,0,21
BRDA:66,25,0,21
BRDA:70,26,0,2
BRDA:72,27,0,0
BRDA:84,28,0,0
BRDA:92,29,0,3
BRDA:98,30,0,1
BRDA:104,31,0,1
BRDA:105,32,0,0
BRDA:117,33,0,0
BRDA:125,34,0,2
BRDA:126,35,0,1
BRDA:135,36,0,0
BRDA:137,37,0,1
BRDA:143,38,0,72
BRDA:151,39,0,1
BRDA:151,40,0,71
BRDA:152,41,0,0
BRDA:152,42,0,71
BRDA:153,43,0,0
BRDA:186,44,0,34
BRDA:205,45,0,72
BRDA:206,46,0,37
BRDA:206,47,0,35
BRDA:214,48,0,37
BRDA:218,49,0,1
BRDA:224,50,0,20
BRDA:246,51,0,19
BRDA:248,52,0,1
BRDA:248,53,0,19
BRDA:251,54,0,52
BRDA:255,55,0,17
BRDA:228,56,0,16
BRDA:244,57,0,1
BRDA:259,58,0,3
BRDA:267,59,0,2
BRF:60
BRH:53
end_of_record
TN:
SF:src/components/EventForm.tsx
FN:23,MapUpdater
FN:31,EventForm
FN:70,validateField
FN:95,validateForm
FN:151,handleSubmit
FN:182,handleChange
FN:211,handlePlaceSelect
FN:223,toggleLanguage
FN:235,isLanguageSelected
FN:241,onClick
FN:366,onChange
FN:537,onClick
FNF:12
FNH:8
FNDA:92,MapUpdater
FNDA:92,EventForm
FNDA:17,validateField
FNDA:8,validateForm
FNDA:8,handleSubmit
FNDA:24,handleChange
FNDA:0,handlePlaceSelect
FNDA:0,toggleLanguage
FNDA:2760,isLanguageSelected
FNDA:10,onClick
FNDA:0,onChange
FNDA:0,onClick
DA:1,1
DA:2,1
DA:3,1
DA:4,1
DA:5,1
DA:6,1
DA:7,1
DA:8,1
DA:23,92
DA:24,92
DA:25,92
DA:26,92
DA:27,92
DA:28,92
DA:29,92
DA:31,92
DA:32,92
DA:34,92
DA:36,92
DA:37,92
DA:38,92
DA:39,92
DA:40,92
DA:41,92
DA:42,92
DA:43,92
DA:44,92
DA:45,92
DA:46,92
DA:47,92
DA:48,92
DA:49,92
DA:50,92
DA:52,92
DA:54,92
DA:55,92
DA:56,92
DA:57,92
DA:58,92
DA:59,92
DA:61,92
DA:62,92
DA:63,92
DA:64,92
DA:65,92
DA:66,92
DA:67,92
DA:70,92
DA:71,17
DA:72,17
DA:73,8
DA:74,8
DA:75,8
DA:76,8
DA:77,7
DA:78,17
DA:79,8
DA:80,8
DA:81,8
DA:82,8
DA:83,7
DA:84,17
DA:85,17
DA:86,0
DA:87,0
DA:88,0
DA:89,0
DA:90,17
DA:91,15
DA:92,17
DA:95,92
DA:96,8
DA:99,8
DA:100,8
DA:103,8
DA:104,8
DA:107,8
DA:108,0
DA:109,0
DA:112,8
DA:113,0
DA:114,0
DA:116,8
DA:117,8
DA:118,8
DA:121,92
DA:123,27
DA:124,0
DA:125,0
DA:126,0
DA:129,27
DA:130,27
DA:131,27
DA:132,27
DA:135,0
DA:136,0
DA:137,0
DA:138,0
DA:139,0
DA:140,0
DA:141,0
DA:142,0
DA:143,0
DA:144,0
DA:145,0
DA:146,0
DA:148,0
DA:149,92
DA:151,92
DA:152,8
DA:153,8
DA:156,8
DA:157,2
DA:158,2
DA:159,2
DA:161,6
DA:163,6
DA:164,6
DA:165,6
DA:166,8
DA:167,8
DA:169,8
DA:170,3
DA:171,3
DA:172,3
DA:173,2
DA:174,4
DA:175,8
DA:176,2
DA:177,8
DA:178,6
DA:179,6
DA:180,8
DA:182,92
DA:183,24
DA:186,24
DA:187,0
DA:188,0
DA:189,0
DA:190,0
DA:191,0
DA:192,0
DA:194,24
DA:195,1
DA:196,1
DA:197,24
DA:198,1
DA:199,1
DA:202,1
DA:203,1
DA:204,0
DA:205,0
DA:206,23
DA:207,22
DA:208,22
DA:209,24
DA:211,92
DA:212,0
DA:213,0
DA:214,0
DA:215,0
DA:216,0
DA:217,0
DA:218,0
DA:219,0
DA:220,0
DA:223,92
DA:224,0
DA:225,0
DA:226,0
DA:227,0
DA:229,0
DA:230,0
DA:231,0
DA:232,0
DA:233,0
DA:235,92
DA:236,2760
DA:237,2760
DA:239,92
DA:240,92
DA:241,92
DA:242,92
DA:243,92
DA:244,92
DA:245,92
DA:247,92
DA:248,92
DA:250,92
DA:251,92
DA:253,92
DA:254,92
DA:255,92
DA:256,92
DA:257,92
DA:258,92
DA:259,92
DA:260,92
DA:261,92
DA:262,92
DA:263,92
DA:264,92
DA:265,92
DA:266,92
DA:267,92
DA:268,1
DA:270,92
DA:271,92
DA:272,92
DA:273,92
DA:275,92
DA:276,92
DA:277,92
DA:278,92
DA:279,92
DA:280,92
DA:281,92
DA:282,92
DA:283,92
DA:284,92
DA:285,92
DA:286,92
DA:287,92
DA:288,92
DA:289,92
DA:290,1
DA:292,92
DA:293,92
DA:294,92
DA:295,56
DA:297,92
DA:298,92
DA:300,92
DA:301,92
DA:302,92
DA:303,92
DA:304,92
DA:305,92
DA:306,92
DA:307,92
DA:309,92
DA:310,736
DA:311,736
DA:312,736
DA:313,92
DA:314,92
DA:315,92
DA:317,92
DA:318,92
DA:319,92
DA:320,92
DA:321,92
DA:322,92
DA:323,92
DA:324,92
DA:325,92
DA:326,92
DA:327,92
DA:328,92
DA:330,92
DA:331,92
DA:332,92
DA:333,92
DA:334,92
DA:335,92
DA:336,92
DA:337,92
DA:338,92
DA:339,92
DA:340,92
DA:342,92
DA:343,92
DA:344,92
DA:345,92
DA:346,92
DA:347,92
DA:348,92
DA:349,92
DA:350,92
DA:351,92
DA:352,92
DA:353,92
DA:354,92
DA:356,92
DA:357,92
DA:359,92
DA:360,92
DA:361,92
DA:362,92
DA:363,92
DA:364,92
DA:365,92
DA:366,92
DA:367,0
DA:369,0
DA:370,0
DA:371,0
DA:372,0
DA:373,92
DA:374,92
DA:375,92
DA:377,92
DA:378,0
DA:381,92
DA:382,0
DA:383,0
DA:384,0
DA:385,0
DA:386,0
DA:387,0
DA:389,0
DA:390,0
DA:391,0
DA:392,0
DA:394,92
DA:396,92
DA:397,92
DA:398,92
DA:399,92
DA:400,92
DA:401,92
DA:402,92
DA:403,92
DA:404,92
DA:405,92
DA:406,92
DA:407,92
DA:408,92
DA:409,92
DA:411,92
DA:412,92
DA:413,92
DA:414,92
DA:415,92
DA:416,92
DA:417,92
DA:418,92
DA:419,92
DA:420,92
DA:423,92
DA:424,0
DA:426,92
DA:428,92
DA:429,92
DA:431,92
DA:432,92
DA:433,92
DA:434,92
DA:435,92
DA:436,92
DA:437,92
DA:438,92
DA:439,92
DA:440,92
DA:441,92
DA:442,92
DA:443,92
DA:445,92
DA:446,92
DA:448,92
DA:449,92
DA:450,92
DA:451,92
DA:452,92
DA:453,92
DA:454,92
DA:456,92
DA:457,92
DA:458,92
DA:459,92
DA:460,92
DA:461,92
DA:463,92
DA:464,92
DA:465,92
DA:466,92
DA:467,92
DA:468,92
DA:469,92
DA:470,92
DA:471,92
DA:472,92
DA:473,92
DA:474,92
DA:475,92
DA:477,92
DA:478,92
DA:479,92
DA:480,92
DA:481,92
DA:482,92
DA:483,92
DA:484,92
DA:485,92
DA:486,92
DA:487,92
DA:488,92
DA:489,92
DA:491,92
DA:492,92
DA:493,92
DA:494,92
DA:495,92
DA:496,92
DA:497,92
DA:498,92
DA:499,92
DA:500,92
DA:501,92
DA:503,92
DA:504,92
DA:505,92
DA:506,92
DA:507,92
DA:508,92
DA:509,92
DA:510,92
DA:511,92
DA:512,92
DA:513,92
DA:515,92
DA:517,92
DA:518,92
DA:520,92
DA:521,92
DA:523,92
DA:524,92
DA:526,92
DA:527,92
DA:528,92
DA:530,92
DA:531,92
DA:532,92
DA:533,2760
DA:534,2760
DA:535,2760
DA:536,2760
DA:537,2760
DA:539,2760
DA:540,2760
DA:541,2760
DA:542,92
DA:543,92
DA:544,92
DA:545,92
DA:546,92
DA:547,92
DA:549,92
DA:550,92
DA:552,92
DA:553,92
DA:554,92
DA:556,92
DA:558,92
DA:559,92
DA:560,92
DA:562,92
DA:563,92
DA:564,92
DA:565,92
DA:566,92
DA:567,92
DA:568,92
DA:569,92
DA:570,92
DA:571,92
DA:572,92
DA:574,92
DA:575,92
DA:576,92
DA:577,92
DA:579,92
DA:580,92
DA:581,92
DA:582,92
DA:583,92
DA:584,92
DA:585,92
DA:586,92
DA:587,92
DA:588,92
DA:589,92
DA:591,92
DA:592,92
DA:593,92
DA:594,92
DA:596,92
DA:597,92
DA:598,92
DA:599,92
DA:600,92
DA:601,92
DA:602,92
DA:603,92
DA:604,92
DA:605,92
DA:606,92
DA:608,92
DA:609,92
DA:610,92
DA:611,92
DA:613,92
DA:614,92
DA:615,92
DA:616,92
DA:617,92
DA:618,92
DA:619,92
DA:620,92
DA:621,92
DA:622,92
DA:623,92
DA:625,92
DA:626,92
DA:627,92
DA:628,92
DA:630,92
DA:631,92
DA:632,92
DA:633,92
DA:635,92
DA:636,92
DA:638,92
DA:639,92
DA:640,92
DA:641,92
DA:642,92
DA:643,92
DA:644,92
DA:645,92
DA:647,92
DA:649,1
LF:532
LH:465
BRDA:23,0,0,92
BRDA:25,1,0,92
BRDA:31,2,0,92
BRDA:37,3,0,20
BRDA:37,4,0,72
BRDA:38,5,0,20
BRDA:38,6,0,72
BRDA:39,7,0,20
BRDA:39,8,0,72
BRDA:40,9,0,20
BRDA:40,10,0,72
BRDA:40,11,0,0
BRDA:41,12,0,20
BRDA:41,13,0,72
BRDA:41,14,0,0
BRDA:42,15,0,20
BRDA:42,16,0,20
BRDA:42,17,0,72
BRDA:43,18,0,20
BRDA:43,19,0,20
BRDA:43,20,0,72
BRDA:44,21,0,20
BRDA:44,22,0,72
BRDA:44,23,0,0
BRDA:45,24,0,20
BRDA:45,25,0,72
BRDA:46,26,0,20
BRDA:46,27,0,72
BRDA:47,28,0,20
BRDA:47,29,0,72
BRDA:48,30,0,20
BRDA:48,31,0,72
BRDA:49,32,0,20
BRDA:50,33,0,20
BRDA:50,34,0,72
BRDA:52,35,0,20
BRDA:52,36,0,0
BRDA:54,37,0,20
BRDA:54,38,0,0
BRDA:55,39,0,20
BRDA:55,40,0,0
BRDA:56,41,0,20
BRDA:56,42,0,0
BRDA:57,43,0,20
BRDA:57,44,0,0
BRDA:58,45,0,20
BRDA:58,46,0,0
BRDA:243,47,0,20
BRDA:243,48,0,72
BRDA:248,49,0,4
BRDA:265,50,0,1
BRDA:265,51,0,91
BRDA:267,52,0,1
BRDA:287,53,0,1
BRDA:287,54,0,91
BRDA:289,55,0,1
BRDA:294,56,0,56
BRDA:377,57,0,0
BRDA:381,58,0,0
BRDA:423,59,0,0
BRDA:640,60,0,6
BRDA:640,61,0,3
BRDA:640,62,0,3
BRDA:640,63,0,86
BRDA:640,64,0,17
BRDA:640,65,0,69
BRDA:70,66,0,17
BRDA:72,67,0,8
BRDA:74,68,0,1
BRDA:74,69,0,7
BRDA:75,70,0,0
BRDA:76,71,0,7
BRDA:78,72,0,8
BRDA:80,73,0,1
BRDA:80,74,0,7
BRDA:81,75,0,0
BRDA:82,76,0,7
BRDA:84,77,0,0
BRDA:85,78,0,0
BRDA:90,79,0,15
BRDA:95,80,0,8
BRDA:100,81,0,1
BRDA:104,82,0,1
BRDA:107,83,0,0
BRDA:112,84,0,3
BRDA:112,85,0,0
BRDA:121,86,0,27
BRDA:123,87,0,0
BRDA:132,88,0,0
BRDA:151,89,0,8
BRDA:156,90,0,2
BRDA:159,91,0,6
BRDA:166,92,0,3
BRDA:166,93,0,3
BRDA:169,94,0,3
BRDA:169,95,0,3
BRDA:170,96,0,2
BRDA:172,97,0,2
BRDA:173,98,0,4
BRDA:175,99,0,2
BRDA:176,100,0,0
BRDA:177,101,0,6
BRDA:182,102,0,24
BRDA:186,103,0,0
BRDA:194,104,0,1
BRDA:197,105,0,23
BRDA:197,106,0,1
BRDA:198,107,0,0
BRDA:203,108,0,0
BRDA:206,109,0,22
BRDA:196,110,0,1
BRDA:199,111,0,1
BRDA:207,112,0,22
BRDA:235,113,0,2760
BRDA:236,114,0,0
BRDA:241,115,0,10
BRDA:309,116,0,736
BRDA:532,117,0,2760
BRDA:536,118,0,184
BRDA:536,119,0,2576
BRF:120
BRH:95
end_of_record
TN:
SF:src/components/EventsSidebar.tsx
FN:14,EventsSidebar
FN:17,formatDateTime
FN:45,onClick
FN:85,onClick
FNF:4
FNH:3
FNDA:10,EventsSidebar
FNDA:23,formatDateTime
FNDA:1,onClick
FNDA:0,onClick
DA:1,1
DA:2,1
DA:3,1
DA:4,1
DA:5,1
DA:14,10
DA:15,10
DA:17,10
DA:18,23
DA:19,23
DA:20,23
DA:21,23
DA:22,23
DA:23,23
DA:24,23
DA:25,23
DA:27,10
DA:28,10
DA:29,10
DA:30,10
DA:31,10
DA:33,10
DA:34,10
DA:35,1
DA:36,1
DA:37,1
DA:38,1
DA:39,1
DA:41,9
DA:42,23
DA:43,23
DA:44,23
DA:45,23
DA:46,1
DA:47,1
DA:48,1
DA:49,0
DA:50,0
DA:51,1
DA:53,23
DA:54,23
DA:55,23
DA:56,23
DA:57,23
DA:59,23
DA:60,23
DA:61,23
DA:62,23
DA:63,23
DA:65,23
DA:66,23
DA:67,23
DA:68,23
DA:69,23
DA:72,23
DA:73,23
DA:74,23
DA:75,23
DA:76,23
DA:79,23
DA:80,23
DA:81,23
DA:82,23
DA:83,23
DA:84,23
DA:85,23
DA:86,0
DA:87,0
DA:88,0
DA:89,23
DA:91,23
DA:92,23
DA:93,23
DA:94,23
DA:96,23
DA:97,0
DA:98,0
DA:99,0
DA:100,0
DA:103,23
DA:104,23
DA:105,23
DA:106,23
DA:107,46
DA:108,46
DA:109,46
DA:110,46
DA:111,46
DA:112,46
DA:113,23
DA:114,23
DA:116,23
DA:118,23
DA:119,23
DA:120,0
DA:122,23
DA:123,0
DA:124,0
DA:125,0
DA:127,23
DA:128,0
DA:130,23
DA:131,23
DA:133,23
DA:134,23
DA:135,9
DA:137,10
DA:138,10
DA:140,10
DA:142,1
LF:110
LH:96
BRDA:14,0,0,10
BRDA:34,1,0,1
BRDA:39,2,0,9
BRDA:17,3,0,23
BRDA:41,4,0,23
BRDA:75,5,0,0
BRDA:96,6,0,0
BRDA:119,7,0,0
BRDA:122,8,0,0
BRDA:127,9,0,0
BRDA:45,10,0,1
BRDA:48,11,0,0
BRDA:106,12,0,46
BRDA:112,13,0,0
BRF:14
BRH:7
end_of_record
TN:
SF:src/components/ForgotPasswordPage.tsx
FN:6,ForgotPasswordPage
FNF:1
FNH:0
FNDA:0,ForgotPasswordPage
DA:1,1
DA:2,1
DA:3,1
DA:4,1
DA:6,0
DA:7,0
DA:8,0
DA:9,0
DA:10,0
DA:11,0
DA:13,0
DA:14,0
DA:15,0
DA:16,0
DA:18,0
DA:19,0
DA:20,0
DA:21,0
DA:22,0
DA:23,0
DA:24,0
DA:25,0
DA:26,0
DA:28,0
DA:29,0
DA:30,0
DA:31,0
DA:32,0
DA:33,0
DA:34,0
DA:35,0
DA:37,0
DA:38,0
DA:39,0
DA:41,0
DA:42,0
DA:43,0
DA:45,0
DA:47,0
DA:48,0
DA:49,0
DA:50,0
DA:51,0
DA:53,0
DA:55,0
DA:56,0
DA:57,0
DA:58,0
DA:59,0
DA:60,0
DA:61,0
DA:62,0
DA:63,0
DA:64,0
DA:65,0
DA:66,0
DA:67,0
DA:69,0
DA:71,0
DA:72,0
DA:73,0
DA:75,0
DA:76,0
DA:77,0
DA:78,0
DA:79,0
DA:81,0
DA:82,0
DA:83,0
DA:84,0
DA:86,0
DA:88,1
LF:72
LH:5
BRF:0
BRH:0
end_of_record
TN:
SF:src/components/LandingPage.tsx
FN:4,LandingPage
FN:14,onClick
FN:40,onClick
FN:213,onClick
FNF:4
FNH:3
FNDA:14,LandingPage
FNDA:1,onClick
FNDA:1,onClick
FNDA:0,onClick
DA:1,1
DA:2,1
DA:4,14
DA:5,14
DA:7,14
DA:8,14
DA:9,14
DA:10,14
DA:11,14
DA:12,14
DA:13,14
DA:14,14
DA:16,14
DA:17,14
DA:19,14
DA:20,14
DA:21,14
DA:22,14
DA:25,14
DA:26,14
DA:27,14
DA:28,14
DA:29,14
DA:30,14
DA:31,14
DA:32,14
DA:33,14
DA:34,14
DA:35,14
DA:36,14
DA:37,14
DA:38,14
DA:39,14
DA:40,14
DA:42,14
DA:43,14
DA:44,14
DA:46,14
DA:47,14
DA:48,14
DA:49,14
DA:50,14
DA:51,14
DA:52,14
DA:53,14
DA:54,14
DA:55,14
DA:56,14
DA:57,14
DA:58,14
DA:59,14
DA:60,14
DA:61,14
DA:62,14
DA:63,14
DA:64,14
DA:65,14
DA:66,14
DA:67,14
DA:68,14
DA:69,14
DA:70,14
DA:71,14
DA:72,14
DA:73,14
DA:74,14
DA:75,14
DA:76,14
DA:77,14
DA:78,14
DA:79,14
DA:80,14
DA:82,14
DA:83,14
DA:84,14
DA:85,14
DA:86,14
DA:87,14
DA:88,14
DA:89,14
DA:90,14
DA:91,14
DA:92,14
DA:93,14
DA:94,14
DA:95,14
DA:96,14
DA:97,14
DA:98,14
DA:99,14
DA:100,14
DA:101,14
DA:102,14
DA:103,14
DA:104,14
DA:105,14
DA:106,14
DA:107,14
DA:108,14
DA:109,14
DA:110,14
DA:111,14
DA:112,14
DA:113,14
DA:114,14
DA:115,14
DA:116,14
DA:117,14
DA:118,14
DA:119,14
DA:120,14
DA:121,14
DA:122,14
DA:123,14
DA:124,14
DA:125,14
DA:126,14
DA:128,14
DA:129,14
DA:130,14
DA:131,14
DA:134,14
DA:135,14
DA:136,14
DA:137,14
DA:138,14
DA:142,14
DA:143,14
DA:146,14
DA:147,14
DA:148,14
DA:150,14
DA:151,14
DA:152,14
DA:153,14
DA:154,14
DA:155,14
DA:156,14
DA:157,14
DA:158,14
DA:160,14
DA:161,14
DA:163,14
DA:164,14
DA:165,14
DA:166,14
DA:167,14
DA:168,14
DA:169,14
DA:170,14
DA:172,14
DA:173,14
DA:174,14
DA:175,14
DA:176,14
DA:177,14
DA:179,14
DA:180,14
DA:181,14
DA:182,14
DA:183,14
DA:186,14
DA:187,14
DA:188,14
DA:189,14
DA:190,14
DA:191,14
DA:192,14
DA:194,14
DA:195,14
DA:196,14
DA:197,14
DA:198,14
DA:201,14
DA:202,14
DA:203,14
DA:204,14
DA:206,14
DA:207,14
DA:208,14
DA:209,14
DA:212,14
DA:213,14
DA:215,14
DA:216,14
DA:217,14
DA:219,14
DA:220,14
DA:221,14
DA:222,14
DA:223,14
DA:224,14
DA:225,14
DA:226,14
DA:227,14
DA:229,14
DA:230,14
DA:231,14
DA:232,14
DA:233,14
DA:234,14
DA:236,14
DA:237,14
DA:238,14
DA:239,14
DA:240,14
DA:241,14
DA:242,14
DA:243,14
DA:245,14
DA:247,1
LF:211
LH:211
BRDA:4,0,0,14
BRDA:14,1,0,1
BRDA:40,2,0,1
BRF:3
BRH:3
end_of_record
TN:
SF:src/components/MapView.tsx
FN:1,(empty-report)
FNF:1
FNH:0
FNDA:0,(empty-report)
DA:1,0
DA:2,0
DA:3,0
DA:4,0
DA:5,0
DA:6,0
DA:8,0
DA:9,0
DA:10,0
DA:11,0
DA:12,0
DA:13,0
DA:14,0
DA:15,0
DA:16,0
DA:17,0
DA:20,0
DA:21,0
DA:22,0
DA:24,0
DA:25,0
DA:26,0
DA:27,0
DA:28,0
DA:29,0
DA:30,0
DA:31,0
DA:32,0
DA:34,0
DA:35,0
DA:36,0
DA:37,0
DA:38,0
DA:39,0
DA:40,0
DA:41,0
DA:43,0
DA:44,0
DA:46,0
DA:47,0
DA:48,0
DA:49,0
DA:51,0
DA:52,0
DA:55,0
DA:57,0
DA:58,0
DA:59,0
DA:60,0
DA:61,0
DA:63,0
DA:64,0
DA:66,0
DA:67,0
DA:68,0
DA:69,0
DA:70,0
DA:71,0
DA:72,0
DA:73,0
DA:74,0
DA:75,0
DA:76,0
DA:77,0
DA:78,0
DA:79,0
DA:80,0
DA:83,0
DA:84,0
DA:85,0
DA:86,0
DA:87,0
DA:88,0
DA:89,0
DA:92,0
DA:93,0
DA:94,0
DA:95,0
DA:96,0
DA:97,0
DA:98,0
DA:99,0
DA:101,0
DA:104,0
DA:105,0
DA:106,0
DA:107,0
DA:108,0
DA:109,0
DA:110,0
DA:111,0
DA:112,0
DA:113,0
DA:114,0
DA:117,0
DA:118,0
DA:119,0
DA:120,0
DA:121,0
DA:123,0
DA:124,0
DA:125,0
DA:126,0
DA:127,0
DA:129,0
DA:130,0
DA:131,0
DA:132,0
DA:133,0
DA:134,0
DA:135,0
DA:136,0
DA:137,0
DA:139,0
DA:141,0
DA:142,0
DA:143,0
DA:144,0
DA:145,0
DA:146,0
DA:147,0
DA:148,0
DA:149,0
DA:151,0
DA:152,0
DA:153,0
DA:154,0
DA:167,0
DA:168,0
DA:169,0
DA:170,0
DA:171,0
DA:172,0
DA:173,0
DA:174,0
DA:176,0
DA:177,0
DA:178,0
DA:179,0
DA:180,0
DA:181,0
DA:182,0
DA:184,0
DA:185,0
DA:186,0
DA:187,0
DA:188,0
DA:189,0
DA:191,0
DA:192,0
DA:193,0
DA:194,0
DA:196,0
DA:197,0
DA:198,0
DA:199,0
DA:200,0
DA:202,0
DA:203,0
DA:204,0
DA:205,0
DA:206,0
DA:208,0
DA:209,0
DA:210,0
DA:211,0
DA:212,0
DA:213,0
DA:214,0
DA:215,0
DA:217,0
DA:218,0
DA:219,0
DA:220,0
DA:222,0
DA:223,0
DA:224,0
DA:225,0
DA:226,0
DA:227,0
DA:228,0
DA:229,0
DA:231,0
DA:232,0
DA:233,0
DA:234,0
DA:235,0
DA:236,0
DA:237,0
DA:238,0
DA:239,0
DA:241,0
DA:242,0
DA:243,0
DA:244,0
DA:245,0
DA:246,0
DA:247,0
DA:248,0
DA:249,0
DA:251,0
DA:252,0
DA:253,0
DA:255,0
DA:257,0
DA:258,0
DA:259,0
DA:261,0
DA:262,0
DA:264,0
DA:265,0
DA:266,0
DA:268,0
DA:270,0
DA:272,0
DA:273,0
DA:275,0
DA:276,0
DA:277,0
DA:278,0
DA:279,0
DA:280,0
DA:282,0
DA:283,0
DA:284,0
DA:285,0
DA:287,0
DA:288,0
DA:290,0
DA:291,0
DA:292,0
DA:293,0
DA:294,0
DA:296,0
DA:297,0
DA:298,0
DA:299,0
DA:300,0
DA:301,0
DA:302,0
DA:303,0
DA:304,0
DA:305,0
DA:306,0
DA:307,0
DA:308,0
DA:309,0
DA:310,0
DA:311,0
DA:312,0
DA:313,0
DA:314,0
DA:315,0
DA:316,0
DA:317,0
DA:318,0
DA:319,0
DA:320,0
DA:321,0
DA:322,0
DA:324,0
DA:325,0
DA:326,0
DA:327,0
DA:328,0
DA:329,0
DA:330,0
DA:331,0
DA:332,0
DA:333,0
DA:334,0
DA:336,0
DA:337,0
DA:338,0
DA:340,0
DA:341,0
DA:343,0
DA:344,0
DA:345,0
DA:346,0
DA:347,0
DA:348,0
DA:349,0
DA:350,0
DA:351,0
DA:353,0
DA:354,0
DA:355,0
DA:356,0
DA:357,0
DA:358,0
DA:359,0
DA:360,0
DA:361,0
DA:362,0
DA:364,0
DA:366,0
DA:367,0
DA:368,0
DA:369,0
DA:370,0
DA:371,0
DA:372,0
DA:373,0
DA:374,0
DA:376,0
DA:378,0
DA:379,0
DA:380,0
DA:381,0
DA:382,0
DA:383,0
DA:384,0
DA:386,0
DA:387,0
DA:390,0
DA:391,0
DA:392,0
DA:393,0
DA:394,0
DA:395,0
DA:396,0
DA:397,0
DA:398,0
DA:399,0
DA:400,0
DA:401,0
DA:402,0
DA:403,0
DA:404,0
DA:406,0
DA:407,0
DA:408,0
DA:409,0
DA:410,0
DA:411,0
DA:412,0
DA:413,0
DA:414,0
DA:416,0
DA:417,0
DA:419,0
DA:420,0
DA:421,0
DA:422,0
DA:424,0
DA:425,0
DA:426,0
DA:427,0
DA:428,0
DA:429,0
DA:430,0
DA:431,0
DA:432,0
DA:433,0
DA:434,0
DA:435,0
DA:436,0
DA:437,0
DA:439,0
DA:440,0
DA:441,0
DA:442,0
DA:443,0
DA:444,0
DA:447,0
DA:448,0
DA:449,0
DA:450,0
DA:453,0
DA:454,0
DA:455,0
DA:456,0
DA:457,0
DA:458,0
DA:460,0
DA:461,0
DA:462,0
DA:463,0
DA:464,0
DA:466,0
DA:467,0
DA:468,0
DA:469,0
DA:470,0
DA:471,0
DA:474,0
DA:475,0
DA:477,0
DA:479,0
LF:390
LH:0
BRDA:1,0,0,0
BRF:1
BRH:0
end_of_record
TN:
SF:src/components/ParticipantModal.tsx
FN:13,ParticipantModal
FN:36,loadParticipants
FN:48,handleProfileClick
FN:53,getLanguageNames
FN:89,onClick
FNF:5
FNH:3
FNDA:18,ParticipantModal
FNDA:9,loadParticipants
FNDA:0,handleProfileClick
FNDA:5,getLanguageNames
FNDA:0,onClick
DA:1,1
DA:2,1
DA:4,1
DA:5,1
DA:13,18
DA:14,18
DA:15,18
DA:16,18
DA:17,18
DA:19,18
DA:20,18
DA:21,18
DA:22,18
DA:23,18
DA:24,18
DA:25,18
DA:26,18
DA:27,18
DA:28,18
DA:29,18
DA:30,18
DA:32,18
DA:33,9
DA:34,18
DA:36,18
DA:37,9
DA:38,9
DA:39,9
DA:40,7
DA:41,7
DA:42,9
DA:43,1
DA:44,1
DA:45,1
DA:46,9
DA:48,18
DA:49,0
DA:50,0
DA:51,0
DA:53,18
DA:54,5
DA:55,5
DA:56,5
DA:57,5
DA:58,5
DA:60,18
DA:61,18
DA:62,18
DA:63,18
DA:64,18
DA:65,18
DA:66,18
DA:67,18
DA:69,18
DA:70,18
DA:71,18
DA:73,18
DA:74,18
DA:75,9
DA:76,8
DA:77,1
DA:78,7
DA:79,4
DA:80,4
DA:81,4
DA:82,4
DA:84,3
DA:85,3
DA:86,5
DA:87,5
DA:88,5
DA:89,5
DA:91,5
DA:92,5
DA:93,5
DA:94,5
DA:95,5
DA:96,5
DA:97,5
DA:99,5
DA:100,5
DA:101,5
DA:102,5
DA:103,5
DA:105,5
DA:106,5
DA:107,5
DA:108,3
DA:109,3
DA:111,18
DA:113,18
DA:114,18
DA:115,18
DA:116,18
DA:117,18
DA:118,18
DA:119,18
DA:121,18
DA:123,1
LF:99
LH:96
BRDA:13,0,0,18
BRDA:74,1,0,9
BRDA:75,2,0,8
BRDA:76,3,0,1
BRDA:77,4,0,7
BRDA:78,5,0,4
BRDA:82,6,0,3
BRDA:115,7,0,1
BRDA:115,8,0,16
BRDA:32,9,0,9
BRDA:36,10,0,9
BRDA:39,11,0,7
BRDA:42,12,0,1
BRDA:43,13,0,0
BRDA:53,14,0,5
BRDA:56,15,0,10
BRDA:56,16,0,0
BRDA:85,17,0,5
BRF:18
BRH:16
end_of_record
TN:
SF:src/components/ProfilePage.tsx
FN:21,ProfilePage
FN:117,handleSubmit
FN:138,handleChange
FN:145,handleLanguageToggle
FN:157,getSelectedLanguages
FN:162,getVisibleEvents
FN:167,generateICS
FN:198,downloadICS
FN:228,onClick
FN:230,onClick
FN:290,onClick
FN:335,onClick
FN:349,onClick
FN:362,onClick
FN:382,onClick
FN:396,onClick
FN:440,onClick
FN:454,onClick
FN:490,onClick
FN:504,onClick
FN:537,onClick
FNF:21
FNH:3
FNDA:25,ProfilePage
FNDA:0,handleSubmit
FNDA:0,handleChange
FNDA:0,handleLanguageToggle
FNDA:0,getSelectedLanguages
FNDA:1,getVisibleEvents
FNDA:0,generateICS
FNDA:0,downloadICS
FNDA:0,onClick
FNDA:0,onClick
FNDA:0,onClick
FNDA:0,onClick
FNDA:1,onClick
FNDA:0,onClick
FNDA:0,onClick
FNDA:0,onClick
FNDA:0,onClick
FNDA:0,onClick
FNDA:0,onClick
FNDA:0,onClick
FNDA:0,onClick
DA:1,1
DA:2,1
DA:3,1
DA:4,1
DA:5,1
DA:6,1
DA:7,1
DA:8,1
DA:21,25
DA:22,25
DA:23,25
DA:24,25
DA:25,25
DA:26,25
DA:27,25
DA:28,25
DA:29,25
DA:32,25
DA:33,25
DA:34,25
DA:35,25
DA:37,25
DA:38,25
DA:39,25
DA:40,25
DA:41,25
DA:42,25
DA:43,25
DA:44,25
DA:45,25
DA:46,25
DA:47,25
DA:50,25
DA:52,8
DA:54,8
DA:56,8
DA:58,0
DA:59,0
DA:60,0
DA:62,8
DA:63,8
DA:64,8
DA:65,6
DA:66,6
DA:67,6
DA:68,6
DA:69,6
DA:70,6
DA:71,6
DA:72,6
DA:73,6
DA:74,6
DA:75,6
DA:76,6
DA:77,6
DA:78,6
DA:79,8
DA:80,8
DA:81,1
DA:82,1
DA:83,1
DA:84,8
DA:85,8
DA:87,0
DA:88,0
DA:89,0
DA:90,0
DA:91,0
DA:92,0
DA:93,0
DA:94,0
DA:95,0
DA:96,0
DA:97,0
DA:98,0
DA:99,0
DA:100,0
DA:101,0
DA:102,0
DA:103,0
DA:104,0
DA:105,25
DA:107,25
DA:108,8
DA:109,8
DA:110,8
DA:111,8
DA:112,8
DA:113,8
DA:114,8
DA:115,25
DA:117,25
DA:118,0
DA:119,0
DA:120,0
DA:121,0
DA:123,0
DA:124,0
DA:125,0
DA:126,0
DA:129,0
DA:130,0
DA:131,0
DA:132,0
DA:133,0
DA:134,0
DA:135,0
DA:136,0
DA:138,25
DA:139,0
DA:140,0
DA:141,0
DA:142,0
DA:143,0
DA:145,25
DA:146,0
DA:147,0
DA:148,0
DA:149,0
DA:151,0
DA:152,0
DA:153,0
DA:154,0
DA:155,0
DA:157,25
DA:158,0
DA:159,0
DA:162,25
DA:163,1
DA:164,1
DA:167,25
DA:168,0
DA:169,0
DA:170,0
DA:171,0
DA:173,0
DA:175,0
DA:176,0
DA:177,0
DA:178,0
DA:179,0
DA:180,0
DA:181,0
DA:182,0
DA:183,0
DA:184,0
DA:185,0
DA:186,0
DA:187,0
DA:188,0
DA:189,0
DA:190,0
DA:191,0
DA:192,0
DA:193,0
DA:195,0
DA:196,0
DA:198,25
DA:199,0
DA:200,0
DA:201,0
DA:202,0
DA:203,0
DA:204,0
DA:205,0
DA:206,0
DA:207,0
DA:208,0
DA:210,25
DA:211,16
DA:212,16
DA:213,16
DA:214,16
DA:215,16
DA:216,16
DA:218,16
DA:220,25
DA:221,0
DA:222,0
DA:223,0
DA:225,8
DA:226,8
DA:227,8
DA:228,8
DA:229,8
DA:230,8
DA:232,8
DA:233,8
DA:234,8
DA:236,8
DA:238,25
DA:239,25
DA:241,25
DA:242,25
DA:244,25
DA:245,25
DA:247,25
DA:248,25
DA:249,0
DA:250,0
DA:251,0
DA:252,0
DA:253,0
DA:254,0
DA:255,0
DA:256,0
DA:257,0
DA:258,0
DA:259,0
DA:260,0
DA:261,0
DA:262,0
DA:264,0
DA:265,0
DA:266,0
DA:268,0
DA:269,0
DA:270,0
DA:271,0
DA:272,0
DA:273,0
DA:274,0
DA:275,0
DA:277,0
DA:278,0
DA:279,0
DA:280,0
DA:281,0
DA:282,0
DA:283,0
DA:284,0
DA:285,0
DA:287,0
DA:289,0
DA:290,0
DA:292,0
DA:293,0
DA:294,0
DA:295,0
DA:296,0
DA:297,0
DA:299,8
DA:300,8
DA:301,8
DA:302,8
DA:303,8
DA:304,8
DA:305,8
DA:306,8
DA:307,8
DA:308,8
DA:309,8
DA:311,8
DA:312,8
DA:313,8
DA:314,8
DA:315,8
DA:316,8
DA:319,8
DA:320,8
DA:321,8
DA:322,8
DA:323,8
DA:324,0
DA:325,8
DA:326,8
DA:328,8
DA:329,8
DA:330,8
DA:331,8
DA:332,8
DA:334,8
DA:335,8
DA:337,8
DA:339,8
DA:341,25
DA:344,25
DA:345,25
DA:346,6
DA:347,6
DA:348,6
DA:349,6
DA:351,6
DA:352,6
DA:353,6
DA:354,6
DA:355,6
DA:356,1
DA:357,1
DA:358,1
DA:359,3
DA:360,3
DA:361,3
DA:362,3
DA:364,3
DA:365,3
DA:366,3
DA:367,3
DA:368,3
DA:369,3
DA:370,3
DA:371,3
DA:372,3
DA:373,3
DA:374,3
DA:375,3
DA:376,3
DA:377,1
DA:378,1
DA:379,1
DA:380,0
DA:381,0
DA:382,0
DA:384,0
DA:385,0
DA:387,1
DA:389,6
DA:392,25
DA:393,1
DA:394,1
DA:395,1
DA:396,1
DA:398,1
DA:399,1
DA:400,1
DA:401,1
DA:402,1
DA:403,0
DA:404,0
DA:405,0
DA:406,0
DA:407,0
DA:408,0
DA:410,0
DA:411,0
DA:412,0
DA:413,0
DA:414,0
DA:415,0
DA:416,0
DA:417,0
DA:418,0
DA:419,0
DA:420,0
DA:421,0
DA:422,0
DA:423,0
DA:424,0
DA:425,0
DA:426,0
DA:427,0
DA:428,0
DA:429,0
DA:430,0
DA:431,0
DA:433,0
DA:434,0
DA:435,0
DA:436,0
DA:437,0
DA:438,0
DA:439,0
DA:440,0
DA:442,0
DA:443,0
DA:445,0
DA:447,1
DA:450,25
DA:451,1
DA:452,1
DA:453,1
DA:454,1
DA:456,1
DA:457,1
DA:458,1
DA:459,1
DA:460,1
DA:461,0
DA:462,0
DA:463,0
DA:464,0
DA:465,0
DA:466,0
DA:467,0
DA:469,0
DA:470,0
DA:471,0
DA:472,0
DA:473,0
DA:474,0
DA:475,0
DA:476,0
DA:477,0
DA:478,0
DA:479,0
DA:480,0
DA:481,0
DA:482,0
DA:483,0
DA:484,0
DA:485,0
DA:486,0
DA:487,0
DA:488,0
DA:489,0
DA:490,0
DA:492,0
DA:493,0
DA:495,0
DA:497,1
DA:500,25
DA:501,0
DA:502,0
DA:503,0
DA:504,0
DA:506,0
DA:507,0
DA:508,0
DA:509,0
DA:510,0
DA:511,0
DA:512,0
DA:513,0
DA:514,0
DA:515,0
DA:516,0
DA:517,0
DA:519,0
DA:520,0
DA:521,0
DA:522,0
DA:523,0
DA:524,0
DA:525,0
DA:526,0
DA:527,0
DA:528,0
DA:529,0
DA:530,0
DA:531,0
DA:532,0
DA:533,0
DA:534,0
DA:535,0
DA:536,0
DA:537,0
DA:539,0
DA:540,0
DA:542,0
DA:544,0
DA:546,25
DA:547,25
DA:548,25
DA:550,25
DA:552,1
LF:455
LH:204
BRDA:21,0,0,25
BRDA:37,1,0,0
BRDA:37,2,0,0
BRDA:37,3,0,24
BRDA:38,4,0,0
BRDA:41,5,0,24
BRDA:41,6,0,0
BRDA:42,7,0,24
BRDA:42,8,0,0
BRDA:43,9,0,24
BRDA:43,10,0,0
BRDA:210,11,0,16
BRDA:218,12,0,8
BRDA:220,13,0,0
BRDA:223,14,0,8
BRDA:242,15,0,8
BRDA:242,16,0,0
BRDA:244,17,0,0
BRDA:245,18,0,0
BRDA:248,19,0,8
BRDA:248,20,0,0
BRDA:297,21,0,8
BRDA:307,22,0,0
BRDA:323,23,0,0
BRDA:345,24,0,8
BRDA:345,25,0,6
BRDA:353,26,0,1
BRDA:353,27,0,5
BRDA:355,28,0,1
BRDA:358,29,0,0
BRDA:379,30,0,0
BRDA:392,31,0,8
BRDA:392,32,0,1
BRDA:400,33,0,0
BRDA:402,34,0,0
BRDA:450,35,0,8
BRDA:450,36,0,1
BRDA:458,37,0,0
BRDA:460,38,0,0
BRDA:500,39,0,0
BRDA:500,40,0,0
BRDA:50,41,0,8
BRDA:52,42,0,0
BRDA:56,43,0,0
BRDA:85,44,0,0
BRDA:64,45,0,6
BRDA:65,46,0,0
BRDA:80,47,0,1
BRDA:107,48,0,8
BRDA:110,49,0,0
BRDA:111,50,0,0
BRDA:112,51,0,0
BRDA:162,52,0,1
BRDA:163,53,0,0
BRDA:323,54,0,16
BRDA:349,55,0,1
BRDA:358,56,0,3
BRF:57
BRH:28
end_of_record
TN:
SF:src/components/PublicEventPage.tsx
FN:14,PublicEventPage
FN:23,fetchEvent
FN:45,formatDate
FN:56,handleJoinEvent
FN:75,handleLeaveEvent
FN:89,handleDownloadICS
FN:107,onClick
FN:118,onClick
FN:124,onClick
FN:129,onClick
FN:132,onClick
FN:222,onClick
FNF:12
FNH:6
FNDA:59,PublicEventPage
FNDA:25,fetchEvent
FNDA:58,formatDate
FNDA:0,handleJoinEvent
FNDA:0,handleLeaveEvent
FNDA:0,handleDownloadICS
FNDA:1,onClick
FNDA:0,onClick
FNDA:1,onClick
FNDA:0,onClick
FNDA:1,onClick
FNDA:0,onClick
DA:1,1
DA:14,59
DA:15,59
DA:16,59
DA:17,59
DA:18,59
DA:19,59
DA:20,59
DA:22,59
DA:23,25
DA:24,25
DA:25,25
DA:26,25
DA:27,20
DA:28,20
DA:29,20
DA:30,20
DA:31,20
DA:32,20
DA:33,25
DA:34,4
DA:35,25
DA:36,24
DA:37,24
DA:38,25
DA:40,25
DA:41,25
DA:42,25
DA:43,59
DA:45,59
DA:46,58
DA:47,58
DA:48,58
DA:49,58
DA:50,58
DA:51,58
DA:52,58
DA:53,58
DA:54,58
DA:56,59
DA:57,0
DA:59,0
DA:60,0
DA:61,0
DA:63,0
DA:64,0
DA:65,0
DA:66,0
DA:67,0
DA:68,0
DA:69,0
DA:70,0
DA:71,0
DA:72,0
DA:73,0
DA:75,59
DA:76,0
DA:78,0
DA:79,0
DA:80,0
DA:82,0
DA:83,0
DA:84,0
DA:85,0
DA:86,0
DA:87,0
DA:89,59
DA:90,0
DA:91,0
DA:93,59
DA:94,25
DA:95,25
DA:96,25
DA:97,25
DA:99,25
DA:101,59
DA:102,5
DA:103,5
DA:104,5
DA:105,5
DA:106,5
DA:107,5
DA:109,5
DA:110,5
DA:111,5
DA:113,5
DA:115,29
DA:116,29
DA:117,29
DA:118,29
DA:119,29
DA:120,29
DA:121,29
DA:122,29
DA:123,29
DA:124,6
DA:126,6
DA:128,23
DA:129,23
DA:131,23
DA:132,23
DA:134,23
DA:135,23
DA:137,59
DA:138,59
DA:140,59
DA:141,59
DA:142,59
DA:143,59
DA:144,59
DA:145,59
DA:146,59
DA:148,59
DA:149,59
DA:150,59
DA:151,59
DA:153,59
DA:154,59
DA:155,59
DA:156,59
DA:157,59
DA:158,29
DA:159,29
DA:160,29
DA:163,59
DA:164,59
DA:165,59
DA:166,59
DA:168,59
DA:169,0
DA:170,0
DA:171,0
DA:172,0
DA:175,59
DA:176,29
DA:177,29
DA:178,29
DA:179,29
DA:180,29
DA:181,29
DA:184,59
DA:185,59
DA:186,59
DA:187,2
DA:189,59
DA:190,27
DA:191,27
DA:192,27
DA:193,2
DA:194,59
DA:195,59
DA:196,59
DA:197,59
DA:199,59
DA:200,59
DA:201,59
DA:202,59
DA:203,59
DA:204,59
DA:205,59
DA:207,59
DA:208,59
DA:209,59
DA:210,59
DA:211,59
DA:212,59
DA:213,59
DA:214,59
DA:215,59
DA:216,59
DA:217,59
DA:219,59
DA:220,23
DA:221,23
DA:222,23
DA:224,23
DA:225,23
DA:226,6
DA:227,0
DA:228,0
DA:229,0
DA:231,0
DA:233,0
DA:234,0
DA:235,0
DA:236,0
DA:238,0
DA:239,0
DA:241,0
DA:243,0
DA:244,0
DA:247,59
DA:248,6
DA:249,6
DA:251,6
DA:252,6
DA:256,59
DA:257,29
DA:258,29
DA:259,29
DA:260,29
DA:263,59
DA:264,59
DA:266,59
DA:509,59
DA:510,59
DA:512,59
LF:207
LH:163
BRDA:14,0,0,59
BRDA:93,1,0,25
BRDA:99,2,0,34
BRDA:101,3,0,29
BRDA:101,4,0,5
BRDA:106,5,0,0
BRDA:113,6,0,29
BRDA:123,7,0,6
BRDA:126,8,0,23
BRDA:144,9,0,0
BRDA:157,10,0,29
BRDA:168,11,0,0
BRDA:175,12,0,29
BRDA:179,13,0,0
BRDA:186,14,0,29
BRDA:186,15,0,2
BRDA:189,16,0,2
BRDA:189,17,0,27
BRDA:192,18,0,2
BRDA:194,19,0,0
BRDA:194,20,0,29
BRDA:195,21,0,29
BRDA:195,22,0,0
BRDA:219,23,0,23
BRDA:225,24,0,6
BRDA:226,25,0,0
BRDA:247,26,0,6
BRDA:247,27,0,6
BRDA:256,28,0,29
BRDA:259,29,0,6
BRDA:259,30,0,23
BRDA:22,31,0,25
BRDA:23,32,0,25
BRDA:26,33,0,20
BRDA:33,34,0,4
BRDA:35,35,0,24
BRDA:45,36,0,58
BRDA:107,37,0,1
BRDA:124,38,0,1
BRDA:132,39,0,1
BRF:40
BRH:33
end_of_record
TN:
SF:src/components/ResetPasswordPage.tsx
FN:6,ResetPasswordPage
FNF:1
FNH:0
FNDA:0,ResetPasswordPage
DA:1,1
DA:2,1
DA:3,1
DA:4,1
DA:6,0
DA:7,0
DA:8,0
DA:9,0
DA:10,0
DA:11,0
DA:12,0
DA:13,0
DA:15,0
DA:17,0
DA:18,0
DA:19,0
DA:21,0
DA:22,0
DA:23,0
DA:24,0
DA:26,0
DA:27,0
DA:28,0
DA:29,0
DA:31,0
DA:32,0
DA:33,0
DA:34,0
DA:36,0
DA:38,0
DA:39,0
DA:40,0
DA:43,0
DA:44,0
DA:45,0
DA:46,0
DA:47,0
DA:48,0
DA:49,0
DA:50,0
DA:51,0
DA:53,0
DA:54,0
DA:55,0
DA:56,0
DA:57,0
DA:58,0
DA:59,0
DA:60,0
DA:62,0
DA:63,0
DA:65,0
DA:66,0
DA:67,0
DA:69,0
DA:71,0
DA:72,0
DA:73,0
DA:74,0
DA:75,0
DA:76,0
DA:77,0
DA:78,0
DA:79,0
DA:80,0
DA:82,0
DA:83,0
DA:84,0
DA:86,0
DA:88,0
DA:89,0
DA:90,0
DA:91,0
DA:92,0
DA:94,0
DA:96,0
DA:97,0
DA:98,0
DA:99,0
DA:100,0
DA:101,0
DA:102,0
DA:103,0
DA:104,0
DA:105,0
DA:106,0
DA:107,0
DA:108,0
DA:109,0
DA:111,0
DA:112,0
DA:113,0
DA:114,0
DA:115,0
DA:116,0
DA:117,0
DA:118,0
DA:119,0
DA:120,0
DA:121,0
DA:122,0
DA:124,0
DA:126,0
DA:127,0
DA:128,0
DA:130,0
DA:131,0
DA:132,0
DA:133,0
DA:134,0
DA:136,0
DA:137,0
DA:138,0
DA:139,0
DA:141,0
DA:143,1
LF:116
LH:5
BRF:0
BRH:0
end_of_record
TN:
SF:src/components/SearchPanel.tsx
FN:25,SearchPanel
FN:41,toggleLanguage
FN:53,isLanguageSelected
FN:57,handleChange
FN:62,handleSubmit
FN:68,handleClear
FN:90,onClick
FN:97,onClick
FN:101,onClick
FN:158,onClick
FNF:10
FNH:8
FNDA:40,SearchPanel
FNDA:0,toggleLanguage
FNDA:630,isLanguageSelected
FNDA:7,handleChange
FNDA:2,handleSubmit
FNDA:2,handleClear
FNDA:12,onClick
FNDA:1,onClick
FNDA:1,onClick
FNDA:0,onClick
DA:1,1
DA:2,1
DA:3,1
DA:4,1
DA:25,40
DA:26,40
DA:27,40
DA:28,40
DA:29,40
DA:30,40
DA:31,40
DA:32,40
DA:33,40
DA:34,40
DA:35,40
DA:36,40
DA:37,40
DA:38,40
DA:41,40
DA:42,0
DA:43,0
DA:44,0
DA:45,0
DA:47,0
DA:48,0
DA:49,0
DA:50,0
DA:51,0
DA:53,40
DA:54,630
DA:55,630
DA:57,40
DA:58,7
DA:59,7
DA:60,7
DA:62,40
DA:63,2
DA:64,2
DA:65,2
DA:66,2
DA:68,40
DA:69,2
DA:70,2
DA:71,2
DA:72,2
DA:73,2
DA:74,2
DA:75,2
DA:76,2
DA:77,2
DA:78,2
DA:79,2
DA:80,2
DA:81,2
DA:82,2
DA:84,40
DA:86,40
DA:87,40
DA:88,40
DA:89,40
DA:90,40
DA:91,40
DA:92,40
DA:93,40
DA:95,40
DA:96,21
DA:97,21
DA:98,21
DA:99,21
DA:100,21
DA:101,21
DA:102,21
DA:104,21
DA:105,21
DA:106,21
DA:107,21
DA:108,21
DA:109,21
DA:110,21
DA:111,21
DA:112,21
DA:113,21
DA:114,21
DA:115,21
DA:116,21
DA:117,21
DA:119,21
DA:120,21
DA:121,21
DA:122,21
DA:123,21
DA:124,21
DA:125,21
DA:126,21
DA:127,21
DA:128,21
DA:129,21
DA:130,21
DA:132,21
DA:133,21
DA:134,21
DA:135,21
DA:136,21
DA:137,21
DA:138,21
DA:139,21
DA:141,21
DA:142,21
DA:143,168
DA:144,21
DA:145,21
DA:146,21
DA:147,21
DA:149,21
DA:150,21
DA:151,21
DA:152,21
DA:153,21
DA:154,630
DA:155,630
DA:156,630
DA:157,630
DA:158,630
DA:160,630
DA:161,630
DA:162,630
DA:163,21
DA:164,21
DA:165,21
DA:166,0
DA:167,0
DA:168,0
DA:170,21
DA:172,21
DA:173,21
DA:174,21
DA:175,21
DA:176,21
DA:177,21
DA:178,21
DA:179,21
DA:180,21
DA:181,21
DA:183,21
DA:184,21
DA:185,21
DA:186,21
DA:187,21
DA:188,21
DA:189,21
DA:190,21
DA:192,21
DA:193,21
DA:194,21
DA:195,21
DA:196,21
DA:197,21
DA:198,21
DA:199,21
DA:200,21
DA:202,21
DA:203,21
DA:204,21
DA:205,21
DA:206,21
DA:207,21
DA:208,21
DA:209,21
DA:210,21
DA:211,21
DA:212,21
DA:214,21
DA:215,21
DA:216,21
DA:217,21
DA:218,21
DA:219,21
DA:220,21
DA:221,21
DA:222,21
DA:223,21
DA:224,21
DA:225,21
DA:226,21
DA:227,21
DA:229,21
DA:230,21
DA:231,21
DA:232,21
DA:233,21
DA:234,21
DA:235,21
DA:236,21
DA:237,21
DA:238,21
DA:239,21
DA:240,21
DA:241,21
DA:242,21
DA:243,21
DA:245,21
DA:246,21
DA:248,21
DA:249,21
DA:251,21
DA:252,21
DA:253,21
DA:254,21
DA:255,21
DA:257,40
DA:259,40
DA:261,1
LF:212
LH:200
BRDA:25,0,0,40
BRDA:28,1,0,1
BRDA:28,2,0,39
BRDA:29,3,0,1
BRDA:30,4,0,1
BRDA:31,5,0,1
BRDA:32,6,0,1
BRDA:33,7,0,1
BRDA:34,8,0,1
BRDA:35,9,0,1
BRDA:36,10,0,1
BRDA:37,11,0,1
BRDA:89,12,0,9
BRDA:89,13,0,31
BRDA:92,14,0,9
BRDA:92,15,0,31
BRDA:95,16,0,21
BRDA:165,17,0,0
BRDA:53,18,0,630
BRDA:54,19,0,0
BRDA:57,20,0,7
BRDA:59,21,0,7
BRDA:62,22,0,2
BRDA:68,23,0,2
BRDA:84,24,0,320
BRDA:84,25,0,40
BRDA:90,26,0,12
BRDA:97,27,0,1
BRDA:101,28,0,1
BRDA:142,29,0,168
BRDA:153,30,0,630
BRDA:157,31,0,0
BRF:32
BRH:29
end_of_record
TN:
SF:src/components/Toast.tsx
FN:13,Toast
FNF:1
FNH:0
FNDA:0,Toast
DA:1,1
DA:2,1
DA:13,0
DA:14,0
DA:15,0
DA:16,0
DA:17,0
DA:19,0
DA:20,0
DA:22,0
DA:23,0
DA:24,0
DA:25,0
DA:26,0
DA:27,0
DA:28,0
DA:29,0
DA:30,0
DA:31,0
DA:32,0
DA:33,0
DA:35,0
DA:36,0
DA:37,0
DA:38,0
DA:39,0
DA:41,0
DA:42,0
DA:44,0
DA:46,1
LF:30
LH:3
BRF:0
BRH:0
end_of_record
TN:
SF:src/components/ToastContainer.tsx
FN:16,showToast
FN:22,ToastContainer
FNF:2
FNH:1
FNDA:0,showToast
FNDA:20,ToastContainer
DA:1,1
DA:11,1
DA:14,1
DA:16,1
DA:17,0
DA:18,0
DA:19,0
DA:20,0
DA:22,20
DA:23,20
DA:25,20
DA:26,0
DA:27,0
DA:28,20
DA:30,20
DA:31,0
DA:32,20
DA:35,20
DA:36,20
DA:38,20
DA:39,20
DA:40,20
DA:41,20
DA:43,20
DA:44,20
DA:45,20
DA:46,0
DA:47,0
DA:48,0
DA:49,0
DA:50,0
DA:51,0
DA:52,20
DA:53,20
DA:55,20
DA:57,1
LF:36
LH:23
BRDA:22,0,0,20
BRDA:35,1,0,20
BRDA:38,2,0,20
BRF:3
BRH:3
end_of_record
TN:
SF:src/components/VerifyEmailPage.tsx
FN:6,VerifyEmailPage
FNF:1
FNH:0
FNDA:0,VerifyEmailPage
DA:1,1
DA:2,1
DA:3,1
DA:4,1
DA:6,0
DA:7,0
DA:8,0
DA:9,0
DA:10,0
DA:12,0
DA:13,0
DA:15,0
DA:16,0
DA:17,0
DA:18,0
DA:19,0
DA:21,0
DA:22,0
DA:23,0
DA:24,0
DA:25,0
DA:28,0
DA:29,0
DA:30,0
DA:31,0
DA:32,0
DA:33,0
DA:34,0
DA:35,0
DA:37,0
DA:38,0
DA:40,0
DA:41,0
DA:42,0
DA:43,0
DA:44,0
DA:45,0
DA:46,0
DA:47,0
DA:48,0
DA:51,0
DA:52,0
DA:53,0
DA:54,0
DA:55,0
DA:56,0
DA:57,0
DA:59,0
DA:60,0
DA:63,0
DA:64,0
DA:65,0
DA:66,0
DA:67,0
DA:68,0
DA:70,0
DA:71,0
DA:73,0
DA:74,0
DA:76,0
DA:78,1
LF:61
LH:5
BRF:0
BRH:0
end_of_record
TN:
SF:src/utils/sanitize.ts
FN:7,sanitizeHTML
FN:19,sanitizeText
FN:30,sanitizeURL
FNF:3
FNH:1
FNDA:0,sanitizeHTML
FNDA:133,sanitizeText
FNDA:0,sanitizeURL
DA:1,1
DA:7,1
DA:8,0
DA:9,0
DA:10,0
DA:11,0
DA:12,0
DA:13,0
DA:19,1
DA:21,133
DA:22,133
DA:23,133
DA:24,133
DA:30,1
DA:31,0
DA:34,0
DA:35,0
DA:36,0
DA:37,0
DA:38,0
DA:39,0
DA:40,0
DA:41,0
DA:43,0
DA:44,0
LF:25
LH:8
BRDA:19,0,0,133
BRF:1
BRH:1
end_of_record
